{"C:\\Users\\GantedaAbhishek\\Desktop\\organic-store\\backend\\controllers\\admin.controller.ts": {"path":"C:\\Users\\GantedaAbhishek\\Desktop\\organic-store\\backend\\controllers\\admin.controller.ts","statementMap":{"0":{"start":{"line":1,"column":21},"end":{"line":1,"column":59}},"1":{"start":{"line":2,"column":13},"end":{"line":2,"column":38}},"2":{"start":{"line":3,"column":16},"end":{"line":3,"column":44}},"3":{"start":{"line":4,"column":17},"end":{"line":4,"column":46}},"4":{"start":{"line":5,"column":16},"end":{"line":5,"column":44}},"5":{"start":{"line":6,"column":17},"end":{"line":6,"column":46}},"6":{"start":{"line":7,"column":15},"end":{"line":7,"column":42}},"7":{"start":{"line":8,"column":14},"end":{"line":8,"column":40}},"8":{"start":{"line":10,"column":28},"end":{"line":61,"column":2}},"9":{"start":{"line":21,"column":6},"end":{"line":45,"column":4}},"10":{"start":{"line":47,"column":2},"end":{"line":60,"column":5}},"11":{"start":{"line":57,"column":6},"end":{"line":57,"column":33}},"12":{"start":{"line":58,"column":6},"end":{"line":58,"column":17}},"13":{"start":{"line":63,"column":0},"end":{"line":63,"column":41}}},"fnMap":{"0":{"name":"(anonymous_0)","decl":{"start":{"line":10,"column":41},"end":{"line":10,"column":46}},"loc":{"start":{"line":10,"column":60},"end":{"line":61,"column":1}}},"1":{"name":"(anonymous_1)","decl":{"start":{"line":56,"column":42},"end":{"line":56,"column":43}},"loc":{"start":{"line":56,"column":56},"end":{"line":59,"column":5}}}},"branchMap":{"0":{"loc":{"start":{"line":55,"column":18},"end":{"line":55,"column":67}},"type":"cond-expr","locations":[{"start":{"line":55,"column":40},"end":{"line":55,"column":63}},{"start":{"line":55,"column":66},"end":{"line":55,"column":67}}]}},"s":{"0":1,"1":1,"2":1,"3":1,"4":1,"5":1,"6":1,"7":1,"8":1,"9":2,"10":2,"11":2,"12":2,"13":1},"f":{"0":2,"1":2},"b":{"0":[1,1]}}
,"C:\\Users\\GantedaAbhishek\\Desktop\\organic-store\\backend\\controllers\\auth.controller.ts": {"path":"C:\\Users\\GantedaAbhishek\\Desktop\\organic-store\\backend\\controllers\\auth.controller.ts","statementMap":{"0":{"start":{"line":1,"column":21},"end":{"line":1,"column":59}},"1":{"start":{"line":2,"column":13},"end":{"line":2,"column":38}},"2":{"start":{"line":3,"column":26},"end":{"line":3,"column":51}},"3":{"start":{"line":7,"column":4},"end":{"line":7,"column":35}},"4":{"start":{"line":9,"column":21},"end":{"line":38,"column":2}},"5":{"start":{"line":10,"column":36},"end":{"line":10,"column":44}},"6":{"start":{"line":12,"column":23},"end":{"line":12,"column":80}},"7":{"start":{"line":13,"column":2},"end":{"line":16,"column":3}},"8":{"start":{"line":14,"column":4},"end":{"line":14,"column":20}},"9":{"start":{"line":15,"column":4},"end":{"line":15,"column":43}},"10":{"start":{"line":18,"column":15},"end":{"line":22,"column":4}},"11":{"start":{"line":24,"column":2},"end":{"line":37,"column":3}},"12":{"start":{"line":25,"column":4},"end":{"line":33,"column":7}},"13":{"start":{"line":35,"column":4},"end":{"line":35,"column":20}},"14":{"start":{"line":36,"column":4},"end":{"line":36,"column":41}},"15":{"start":{"line":40,"column":18},"end":{"line":75,"column":2}},"16":{"start":{"line":41,"column":49},"end":{"line":41,"column":57}},"17":{"start":{"line":43,"column":25},"end":{"line":43,"column":33}},"18":{"start":{"line":45,"column":2},"end":{"line":52,"column":3}},"19":{"start":{"line":46,"column":4},"end":{"line":51,"column":5}},"20":{"start":{"line":47,"column":6},"end":{"line":47,"column":65}},"21":{"start":{"line":49,"column":6},"end":{"line":49,"column":22}},"22":{"start":{"line":50,"column":6},"end":{"line":50,"column":60}},"23":{"start":{"line":54,"column":2},"end":{"line":57,"column":3}},"24":{"start":{"line":55,"column":4},"end":{"line":55,"column":20}},"25":{"start":{"line":56,"column":4},"end":{"line":56,"column":44}},"26":{"start":{"line":59,"column":15},"end":{"line":59,"column":72}},"27":{"start":{"line":61,"column":2},"end":{"line":74,"column":3}},"28":{"start":{"line":62,"column":4},"end":{"line":70,"column":7}},"29":{"start":{"line":72,"column":4},"end":{"line":72,"column":20}},"30":{"start":{"line":73,"column":4},"end":{"line":73,"column":49}},"31":{"start":{"line":77,"column":26},"end":{"line":80,"column":2}},"32":{"start":{"line":78,"column":32},"end":{"line":78,"column":52}},"33":{"start":{"line":79,"column":2},"end":{"line":79,"column":34}},"34":{"start":{"line":82,"column":14},"end":{"line":93,"column":2}},"35":{"start":{"line":83,"column":15},"end":{"line":83,"column":23}},"36":{"start":{"line":84,"column":2},"end":{"line":92,"column":5}},"37":{"start":{"line":95,"column":22},"end":{"line":137,"column":2}},"38":{"start":{"line":96,"column":15},"end":{"line":96,"column":23}},"39":{"start":{"line":97,"column":47},"end":{"line":97,"column":55}},"40":{"start":{"line":99,"column":2},"end":{"line":105,"column":3}},"41":{"start":{"line":100,"column":25},"end":{"line":100,"column":82}},"42":{"start":{"line":101,"column":4},"end":{"line":104,"column":5}},"43":{"start":{"line":102,"column":6},"end":{"line":102,"column":22}},"44":{"start":{"line":103,"column":6},"end":{"line":103,"column":49}},"45":{"start":{"line":107,"column":2},"end":{"line":109,"column":3}},"46":{"start":{"line":108,"column":4},"end":{"line":108,"column":28}},"47":{"start":{"line":110,"column":2},"end":{"line":112,"column":3}},"48":{"start":{"line":111,"column":4},"end":{"line":111,"column":44}},"49":{"start":{"line":113,"column":2},"end":{"line":115,"column":3}},"50":{"start":{"line":114,"column":4},"end":{"line":114,"column":29}},"51":{"start":{"line":117,"column":2},"end":{"line":126,"column":3}},"52":{"start":{"line":118,"column":4},"end":{"line":125,"column":8}},"53":{"start":{"line":118,"column":41},"end":{"line":125,"column":6}},"54":{"start":{"line":128,"column":2},"end":{"line":128,"column":20}},"55":{"start":{"line":130,"column":2},"end":{"line":136,"column":5}},"56":{"start":{"line":139,"column":0},"end":{"line":139,"column":86}}},"fnMap":{"0":{"name":"(anonymous_0)","decl":{"start":{"line":9,"column":34},"end":{"line":9,"column":39}},"loc":{"start":{"line":9,"column":53},"end":{"line":38,"column":1}}},"1":{"name":"(anonymous_1)","decl":{"start":{"line":40,"column":31},"end":{"line":40,"column":36}},"loc":{"start":{"line":40,"column":50},"end":{"line":75,"column":1}}},"2":{"name":"(anonymous_2)","decl":{"start":{"line":77,"column":39},"end":{"line":77,"column":44}},"loc":{"start":{"line":77,"column":58},"end":{"line":80,"column":1}}},"3":{"name":"(anonymous_3)","decl":{"start":{"line":82,"column":27},"end":{"line":82,"column":32}},"loc":{"start":{"line":82,"column":46},"end":{"line":93,"column":1}}},"4":{"name":"(anonymous_4)","decl":{"start":{"line":95,"column":35},"end":{"line":95,"column":40}},"loc":{"start":{"line":95,"column":54},"end":{"line":137,"column":1}}},"5":{"name":"(anonymous_5)","decl":{"start":{"line":118,"column":35},"end":{"line":118,"column":36}},"loc":{"start":{"line":118,"column":41},"end":{"line":125,"column":6}}}},"branchMap":{"0":{"loc":{"start":{"line":13,"column":2},"end":{"line":16,"column":3}},"type":"if","locations":[{"start":{"line":13,"column":2},"end":{"line":16,"column":3}},{"start":{},"end":{}}]},"1":{"loc":{"start":{"line":24,"column":2},"end":{"line":37,"column":3}},"type":"if","locations":[{"start":{"line":24,"column":2},"end":{"line":37,"column":3}},{"start":{"line":34,"column":9},"end":{"line":37,"column":3}}]},"2":{"loc":{"start":{"line":45,"column":2},"end":{"line":52,"column":3}},"type":"if","locations":[{"start":{"line":45,"column":2},"end":{"line":52,"column":3}},{"start":{},"end":{}}]},"3":{"loc":{"start":{"line":54,"column":2},"end":{"line":57,"column":3}},"type":"if","locations":[{"start":{"line":54,"column":2},"end":{"line":57,"column":3}},{"start":{},"end":{}}]},"4":{"loc":{"start":{"line":61,"column":2},"end":{"line":74,"column":3}},"type":"if","locations":[{"start":{"line":61,"column":2},"end":{"line":74,"column":3}},{"start":{"line":71,"column":9},"end":{"line":74,"column":3}}]},"5":{"loc":{"start":{"line":61,"column":6},"end":{"line":61,"column":56}},"type":"binary-expr","locations":[{"start":{"line":61,"column":6},"end":{"line":61,"column":10}},{"start":{"line":61,"column":14},"end":{"line":61,"column":56}}]},"6":{"loc":{"start":{"line":99,"column":2},"end":{"line":105,"column":3}},"type":"if","locations":[{"start":{"line":99,"column":2},"end":{"line":105,"column":3}},{"start":{},"end":{}}]},"7":{"loc":{"start":{"line":99,"column":6},"end":{"line":99,"column":56}},"type":"binary-expr","locations":[{"start":{"line":99,"column":6},"end":{"line":99,"column":11}},{"start":{"line":99,"column":15},"end":{"line":99,"column":56}}]},"8":{"loc":{"start":{"line":101,"column":4},"end":{"line":104,"column":5}},"type":"if","locations":[{"start":{"line":101,"column":4},"end":{"line":104,"column":5}},{"start":{},"end":{}}]},"9":{"loc":{"start":{"line":101,"column":8},"end":{"line":101,"column":75}},"type":"binary-expr","locations":[{"start":{"line":101,"column":8},"end":{"line":101,"column":20}},{"start":{"line":101,"column":24},"end":{"line":101,"column":75}}]},"10":{"loc":{"start":{"line":107,"column":2},"end":{"line":109,"column":3}},"type":"if","locations":[{"start":{"line":107,"column":2},"end":{"line":109,"column":3}},{"start":{},"end":{}}]},"11":{"loc":{"start":{"line":110,"column":2},"end":{"line":112,"column":3}},"type":"if","locations":[{"start":{"line":110,"column":2},"end":{"line":112,"column":3}},{"start":{},"end":{}}]},"12":{"loc":{"start":{"line":113,"column":2},"end":{"line":115,"column":3}},"type":"if","locations":[{"start":{"line":113,"column":2},"end":{"line":115,"column":3}},{"start":{},"end":{}}]},"13":{"loc":{"start":{"line":117,"column":2},"end":{"line":126,"column":3}},"type":"if","locations":[{"start":{"line":117,"column":2},"end":{"line":126,"column":3}},{"start":{},"end":{}}]},"14":{"loc":{"start":{"line":117,"column":6},"end":{"line":117,"column":43}},"type":"binary-expr","locations":[{"start":{"line":117,"column":6},"end":{"line":117,"column":15}},{"start":{"line":117,"column":19},"end":{"line":117,"column":43}}]},"15":{"loc":{"start":{"line":119,"column":13},"end":{"line":119,"column":30}},"type":"binary-expr","locations":[{"start":{"line":119,"column":13},"end":{"line":119,"column":20}},{"start":{"line":119,"column":24},"end":{"line":119,"column":30}}]},"16":{"loc":{"start":{"line":120,"column":14},"end":{"line":120,"column":28}},"type":"binary-expr","locations":[{"start":{"line":120,"column":14},"end":{"line":120,"column":22}},{"start":{"line":120,"column":26},"end":{"line":120,"column":28}}]},"17":{"loc":{"start":{"line":121,"column":12},"end":{"line":121,"column":24}},"type":"binary-expr","locations":[{"start":{"line":121,"column":12},"end":{"line":121,"column":18}},{"start":{"line":121,"column":22},"end":{"line":121,"column":24}}]},"18":{"loc":{"start":{"line":122,"column":13},"end":{"line":122,"column":26}},"type":"binary-expr","locations":[{"start":{"line":122,"column":13},"end":{"line":122,"column":20}},{"start":{"line":122,"column":24},"end":{"line":122,"column":26}}]},"19":{"loc":{"start":{"line":123,"column":18},"end":{"line":123,"column":36}},"type":"binary-expr","locations":[{"start":{"line":123,"column":18},"end":{"line":123,"column":30}},{"start":{"line":123,"column":34},"end":{"line":123,"column":36}}]},"20":{"loc":{"start":{"line":124,"column":15},"end":{"line":124,"column":30}},"type":"binary-expr","locations":[{"start":{"line":124,"column":15},"end":{"line":124,"column":24}},{"start":{"line":124,"column":28},"end":{"line":124,"column":30}}]}},"s":{"0":1,"1":1,"2":1,"3":1,"4":1,"5":3,"6":3,"7":3,"8":1,"9":1,"10":2,"11":2,"12":1,"13":1,"14":1,"15":1,"16":5,"17":5,"18":5,"19":2,"20":2,"21":1,"22":1,"23":4,"24":1,"25":1,"26":3,"27":3,"28":2,"29":1,"30":1,"31":1,"32":1,"33":1,"34":1,"35":1,"36":1,"37":1,"38":3,"39":3,"40":3,"41":2,"42":2,"43":1,"44":1,"45":2,"46":2,"47":2,"48":2,"49":2,"50":1,"51":2,"52":1,"53":1,"54":2,"55":2,"56":1},"f":{"0":3,"1":5,"2":1,"3":1,"4":3,"5":1},"b":{"0":[1,2],"1":[1,1],"2":[2,3],"3":[1,3],"4":[2,1],"5":[3,3],"6":[2,1],"7":[3,3],"8":[1,1],"9":[2,1],"10":[2,0],"11":[2,0],"12":[1,1],"13":[1,1],"14":[2,1],"15":[1,1],"16":[1,1],"17":[1,0],"18":[1,1],"19":[1,1],"20":[1,1]}}
,"C:\\Users\\GantedaAbhishek\\Desktop\\organic-store\\backend\\controllers\\cart.controller.ts": {"path":"C:\\Users\\GantedaAbhishek\\Desktop\\organic-store\\backend\\controllers\\cart.controller.ts","statementMap":{"0":{"start":{"line":1,"column":21},"end":{"line":1,"column":59}},"1":{"start":{"line":2,"column":16},"end":{"line":2,"column":44}},"2":{"start":{"line":3,"column":13},"end":{"line":3,"column":38}},"3":{"start":{"line":5,"column":16},"end":{"line":9,"column":2}},"4":{"start":{"line":6,"column":15},"end":{"line":6,"column":103}},"5":{"start":{"line":8,"column":2},"end":{"line":8,"column":28}},"6":{"start":{"line":11,"column":18},"end":{"line":31,"column":2}},"7":{"start":{"line":12,"column":38},"end":{"line":12,"column":46}},"8":{"start":{"line":13,"column":18},"end":{"line":13,"column":66}},"9":{"start":{"line":14,"column":2},"end":{"line":17,"column":3}},"10":{"start":{"line":15,"column":4},"end":{"line":15,"column":20}},"11":{"start":{"line":16,"column":4},"end":{"line":16,"column":41}},"12":{"start":{"line":19,"column":15},"end":{"line":19,"column":48}},"13":{"start":{"line":20,"column":23},"end":{"line":20,"column":97}},"14":{"start":{"line":20,"column":46},"end":{"line":20,"column":96}},"15":{"start":{"line":22,"column":2},"end":{"line":26,"column":3}},"16":{"start":{"line":23,"column":4},"end":{"line":23,"column":46}},"17":{"start":{"line":25,"column":4},"end":{"line":25,"column":73}},"18":{"start":{"line":28,"column":2},"end":{"line":28,"column":20}},"19":{"start":{"line":29,"column":18},"end":{"line":29,"column":106}},"20":{"start":{"line":30,"column":2},"end":{"line":30,"column":37}},"21":{"start":{"line":33,"column":23},"end":{"line":45,"column":2}},"22":{"start":{"line":34,"column":23},"end":{"line":34,"column":31}},"23":{"start":{"line":35,"column":15},"end":{"line":35,"column":48}},"24":{"start":{"line":36,"column":15},"end":{"line":36,"column":46}},"25":{"start":{"line":37,"column":2},"end":{"line":40,"column":3}},"26":{"start":{"line":38,"column":4},"end":{"line":38,"column":20}},"27":{"start":{"line":39,"column":4},"end":{"line":39,"column":43}},"28":{"start":{"line":41,"column":2},"end":{"line":41,"column":52}},"29":{"start":{"line":42,"column":2},"end":{"line":42,"column":20}},"30":{"start":{"line":43,"column":18},"end":{"line":43,"column":106}},"31":{"start":{"line":44,"column":2},"end":{"line":44,"column":25}},"32":{"start":{"line":47,"column":23},"end":{"line":53,"column":2}},"33":{"start":{"line":48,"column":15},"end":{"line":48,"column":48}},"34":{"start":{"line":49,"column":2},"end":{"line":49,"column":82}},"35":{"start":{"line":49,"column":39},"end":{"line":49,"column":80}},"36":{"start":{"line":50,"column":2},"end":{"line":50,"column":20}},"37":{"start":{"line":51,"column":18},"end":{"line":51,"column":106}},"38":{"start":{"line":52,"column":2},"end":{"line":52,"column":25}},"39":{"start":{"line":55,"column":18},"end":{"line":60,"column":2}},"40":{"start":{"line":56,"column":15},"end":{"line":56,"column":48}},"41":{"start":{"line":57,"column":2},"end":{"line":57,"column":17}},"42":{"start":{"line":58,"column":2},"end":{"line":58,"column":20}},"43":{"start":{"line":59,"column":2},"end":{"line":59,"column":15}},"44":{"start":{"line":62,"column":0},"end":{"line":62,"column":83}}},"fnMap":{"0":{"name":"(anonymous_0)","decl":{"start":{"line":5,"column":29},"end":{"line":5,"column":34}},"loc":{"start":{"line":5,"column":48},"end":{"line":9,"column":1}}},"1":{"name":"(anonymous_1)","decl":{"start":{"line":11,"column":31},"end":{"line":11,"column":36}},"loc":{"start":{"line":11,"column":50},"end":{"line":31,"column":1}}},"2":{"name":"(anonymous_2)","decl":{"start":{"line":20,"column":38},"end":{"line":20,"column":42}},"loc":{"start":{"line":20,"column":46},"end":{"line":20,"column":96}}},"3":{"name":"(anonymous_3)","decl":{"start":{"line":33,"column":36},"end":{"line":33,"column":41}},"loc":{"start":{"line":33,"column":55},"end":{"line":45,"column":1}}},"4":{"name":"(anonymous_4)","decl":{"start":{"line":47,"column":36},"end":{"line":47,"column":41}},"loc":{"start":{"line":47,"column":55},"end":{"line":53,"column":1}}},"5":{"name":"(anonymous_5)","decl":{"start":{"line":49,"column":31},"end":{"line":49,"column":35}},"loc":{"start":{"line":49,"column":39},"end":{"line":49,"column":80}}},"6":{"name":"(anonymous_6)","decl":{"start":{"line":55,"column":31},"end":{"line":55,"column":36}},"loc":{"start":{"line":55,"column":50},"end":{"line":60,"column":1}}}},"branchMap":{"0":{"loc":{"start":{"line":8,"column":11},"end":{"line":8,"column":26}},"type":"binary-expr","locations":[{"start":{"line":8,"column":11},"end":{"line":8,"column":20}},{"start":{"line":8,"column":24},"end":{"line":8,"column":26}}]},"1":{"loc":{"start":{"line":12,"column":21},"end":{"line":12,"column":33}},"type":"default-arg","locations":[{"start":{"line":12,"column":32},"end":{"line":12,"column":33}}]},"2":{"loc":{"start":{"line":14,"column":2},"end":{"line":17,"column":3}},"type":"if","locations":[{"start":{"line":14,"column":2},"end":{"line":17,"column":3}},{"start":{},"end":{}}]},"3":{"loc":{"start":{"line":22,"column":2},"end":{"line":26,"column":3}},"type":"if","locations":[{"start":{"line":22,"column":2},"end":{"line":26,"column":3}},{"start":{"line":24,"column":9},"end":{"line":26,"column":3}}]},"4":{"loc":{"start":{"line":37,"column":2},"end":{"line":40,"column":3}},"type":"if","locations":[{"start":{"line":37,"column":2},"end":{"line":40,"column":3}},{"start":{},"end":{}}]},"5":{"loc":{"start":{"line":41,"column":18},"end":{"line":41,"column":51}},"type":"binary-expr","locations":[{"start":{"line":41,"column":18},"end":{"line":41,"column":34}},{"start":{"line":41,"column":38},"end":{"line":41,"column":51}}]}},"s":{"0":1,"1":1,"2":1,"3":1,"4":1,"5":1,"6":1,"7":3,"8":3,"9":3,"10":1,"11":1,"12":2,"13":2,"14":1,"15":2,"16":1,"17":1,"18":2,"19":2,"20":2,"21":1,"22":2,"23":2,"24":2,"25":2,"26":1,"27":1,"28":1,"29":1,"30":1,"31":1,"32":1,"33":1,"34":1,"35":2,"36":1,"37":1,"38":1,"39":1,"40":1,"41":1,"42":1,"43":1,"44":1},"f":{"0":1,"1":3,"2":1,"3":2,"4":1,"5":2,"6":1},"b":{"0":[1,0],"1":[0],"2":[1,2],"3":[1,1],"4":[1,1],"5":[1,0]}}
,"C:\\Users\\GantedaAbhishek\\Desktop\\organic-store\\backend\\controllers\\category.controller.ts": {"path":"C:\\Users\\GantedaAbhishek\\Desktop\\organic-store\\backend\\controllers\\category.controller.ts","statementMap":{"0":{"start":{"line":1,"column":21},"end":{"line":1,"column":59}},"1":{"start":{"line":2,"column":17},"end":{"line":2,"column":46}},"2":{"start":{"line":4,"column":25},"end":{"line":7,"column":2}},"3":{"start":{"line":5,"column":21},"end":{"line":5,"column":65}},"4":{"start":{"line":6,"column":2},"end":{"line":6,"column":23}},"5":{"start":{"line":9,"column":24},"end":{"line":24,"column":2}},"6":{"start":{"line":10,"column":16},"end":{"line":10,"column":29}},"7":{"start":{"line":13,"column":2},"end":{"line":17,"column":3}},"8":{"start":{"line":14,"column":4},"end":{"line":14,"column":68}},"9":{"start":{"line":15,"column":9},"end":{"line":17,"column":3}},"10":{"start":{"line":16,"column":4},"end":{"line":16,"column":53}},"11":{"start":{"line":19,"column":2},"end":{"line":22,"column":3}},"12":{"start":{"line":20,"column":4},"end":{"line":20,"column":20}},"13":{"start":{"line":21,"column":4},"end":{"line":21,"column":42}},"14":{"start":{"line":23,"column":2},"end":{"line":23,"column":21}},"15":{"start":{"line":26,"column":23},"end":{"line":38,"column":2}},"16":{"start":{"line":27,"column":19},"end":{"line":27,"column":60}},"17":{"start":{"line":28,"column":17},"end":{"line":28,"column":47}},"18":{"start":{"line":30,"column":19},"end":{"line":35,"column":4}},"19":{"start":{"line":37,"column":2},"end":{"line":37,"column":33}},"20":{"start":{"line":40,"column":23},"end":{"line":61,"column":2}},"21":{"start":{"line":41,"column":16},"end":{"line":41,"column":29}},"22":{"start":{"line":44,"column":2},"end":{"line":48,"column":3}},"23":{"start":{"line":45,"column":4},"end":{"line":45,"column":61}},"24":{"start":{"line":46,"column":9},"end":{"line":48,"column":3}},"25":{"start":{"line":47,"column":4},"end":{"line":47,"column":46}},"26":{"start":{"line":50,"column":2},"end":{"line":53,"column":3}},"27":{"start":{"line":51,"column":4},"end":{"line":51,"column":20}},"28":{"start":{"line":52,"column":4},"end":{"line":52,"column":42}},"29":{"start":{"line":55,"column":2},"end":{"line":55,"column":49}},"30":{"start":{"line":56,"column":2},"end":{"line":56,"column":52}},"31":{"start":{"line":57,"column":2},"end":{"line":57,"column":70}},"32":{"start":{"line":59,"column":18},"end":{"line":59,"column":39}},"33":{"start":{"line":60,"column":2},"end":{"line":60,"column":20}},"34":{"start":{"line":63,"column":23},"end":{"line":80,"column":2}},"35":{"start":{"line":64,"column":16},"end":{"line":64,"column":29}},"36":{"start":{"line":67,"column":2},"end":{"line":71,"column":3}},"37":{"start":{"line":68,"column":4},"end":{"line":68,"column":61}},"38":{"start":{"line":69,"column":9},"end":{"line":71,"column":3}},"39":{"start":{"line":70,"column":4},"end":{"line":70,"column":46}},"40":{"start":{"line":73,"column":2},"end":{"line":76,"column":3}},"41":{"start":{"line":74,"column":4},"end":{"line":74,"column":20}},"42":{"start":{"line":75,"column":4},"end":{"line":75,"column":42}},"43":{"start":{"line":78,"column":2},"end":{"line":78,"column":29}},"44":{"start":{"line":79,"column":2},"end":{"line":79,"column":44}},"45":{"start":{"line":82,"column":0},"end":{"line":88,"column":2}}},"fnMap":{"0":{"name":"(anonymous_0)","decl":{"start":{"line":4,"column":38},"end":{"line":4,"column":43}},"loc":{"start":{"line":4,"column":57},"end":{"line":7,"column":1}}},"1":{"name":"(anonymous_1)","decl":{"start":{"line":9,"column":37},"end":{"line":9,"column":42}},"loc":{"start":{"line":9,"column":56},"end":{"line":24,"column":1}}},"2":{"name":"(anonymous_2)","decl":{"start":{"line":26,"column":36},"end":{"line":26,"column":41}},"loc":{"start":{"line":26,"column":55},"end":{"line":38,"column":1}}},"3":{"name":"(anonymous_3)","decl":{"start":{"line":40,"column":36},"end":{"line":40,"column":41}},"loc":{"start":{"line":40,"column":55},"end":{"line":61,"column":1}}},"4":{"name":"(anonymous_4)","decl":{"start":{"line":63,"column":36},"end":{"line":63,"column":41}},"loc":{"start":{"line":63,"column":55},"end":{"line":80,"column":1}}}},"branchMap":{"0":{"loc":{"start":{"line":13,"column":2},"end":{"line":17,"column":3}},"type":"if","locations":[{"start":{"line":13,"column":2},"end":{"line":17,"column":3}},{"start":{"line":15,"column":9},"end":{"line":17,"column":3}}]},"1":{"loc":{"start":{"line":15,"column":9},"end":{"line":17,"column":3}},"type":"if","locations":[{"start":{"line":15,"column":9},"end":{"line":17,"column":3}},{"start":{},"end":{}}]},"2":{"loc":{"start":{"line":19,"column":2},"end":{"line":22,"column":3}},"type":"if","locations":[{"start":{"line":19,"column":2},"end":{"line":22,"column":3}},{"start":{},"end":{}}]},"3":{"loc":{"start":{"line":28,"column":17},"end":{"line":28,"column":47}},"type":"cond-expr","locations":[{"start":{"line":28,"column":28},"end":{"line":28,"column":43}},{"start":{"line":28,"column":46},"end":{"line":28,"column":47}}]},"4":{"loc":{"start":{"line":34,"column":17},"end":{"line":34,"column":43}},"type":"binary-expr","locations":[{"start":{"line":34,"column":17},"end":{"line":34,"column":37}},{"start":{"line":34,"column":41},"end":{"line":34,"column":43}}]},"5":{"loc":{"start":{"line":44,"column":2},"end":{"line":48,"column":3}},"type":"if","locations":[{"start":{"line":44,"column":2},"end":{"line":48,"column":3}},{"start":{"line":46,"column":9},"end":{"line":48,"column":3}}]},"6":{"loc":{"start":{"line":46,"column":9},"end":{"line":48,"column":3}},"type":"if","locations":[{"start":{"line":46,"column":9},"end":{"line":48,"column":3}},{"start":{},"end":{}}]},"7":{"loc":{"start":{"line":50,"column":2},"end":{"line":53,"column":3}},"type":"if","locations":[{"start":{"line":50,"column":2},"end":{"line":53,"column":3}},{"start":{},"end":{}}]},"8":{"loc":{"start":{"line":55,"column":18},"end":{"line":55,"column":48}},"type":"binary-expr","locations":[{"start":{"line":55,"column":18},"end":{"line":55,"column":31}},{"start":{"line":55,"column":35},"end":{"line":55,"column":48}}]},"9":{"loc":{"start":{"line":56,"column":19},"end":{"line":56,"column":51}},"type":"binary-expr","locations":[{"start":{"line":56,"column":19},"end":{"line":56,"column":33}},{"start":{"line":56,"column":37},"end":{"line":56,"column":51}}]},"10":{"loc":{"start":{"line":57,"column":25},"end":{"line":57,"column":69}},"type":"binary-expr","locations":[{"start":{"line":57,"column":25},"end":{"line":57,"column":45}},{"start":{"line":57,"column":49},"end":{"line":57,"column":69}}]},"11":{"loc":{"start":{"line":67,"column":2},"end":{"line":71,"column":3}},"type":"if","locations":[{"start":{"line":67,"column":2},"end":{"line":71,"column":3}},{"start":{"line":69,"column":9},"end":{"line":71,"column":3}}]},"12":{"loc":{"start":{"line":69,"column":9},"end":{"line":71,"column":3}},"type":"if","locations":[{"start":{"line":69,"column":9},"end":{"line":71,"column":3}},{"start":{},"end":{}}]},"13":{"loc":{"start":{"line":73,"column":2},"end":{"line":76,"column":3}},"type":"if","locations":[{"start":{"line":73,"column":2},"end":{"line":76,"column":3}},{"start":{},"end":{}}]}},"s":{"0":1,"1":1,"2":1,"3":1,"4":1,"5":1,"6":3,"7":3,"8":1,"9":2,"10":1,"11":3,"12":1,"13":1,"14":2,"15":1,"16":1,"17":1,"18":1,"19":1,"20":1,"21":2,"22":2,"23":1,"24":1,"25":1,"26":2,"27":1,"28":1,"29":1,"30":1,"31":1,"32":1,"33":1,"34":1,"35":2,"36":2,"37":1,"38":1,"39":1,"40":2,"41":1,"42":1,"43":1,"44":1,"45":1},"f":{"0":1,"1":3,"2":1,"3":2,"4":2},"b":{"0":[1,2],"1":[1,1],"2":[1,2],"3":[1,0],"4":[1,1],"5":[1,1],"6":[1,0],"7":[1,1],"8":[1,0],"9":[1,1],"10":[1,1],"11":[1,1],"12":[1,0],"13":[1,1]}}
,"C:\\Users\\GantedaAbhishek\\Desktop\\organic-store\\backend\\controllers\\feature.controller.ts": {"path":"C:\\Users\\GantedaAbhishek\\Desktop\\organic-store\\backend\\controllers\\feature.controller.ts","statementMap":{"0":{"start":{"line":1,"column":21},"end":{"line":1,"column":59}},"1":{"start":{"line":2,"column":16},"end":{"line":2,"column":44}},"2":{"start":{"line":4,"column":23},"end":{"line":7,"column":2}},"3":{"start":{"line":5,"column":19},"end":{"line":5,"column":62}},"4":{"start":{"line":6,"column":2},"end":{"line":6,"column":21}},"5":{"start":{"line":9,"column":23},"end":{"line":16,"column":2}},"6":{"start":{"line":10,"column":18},"end":{"line":10,"column":77}},"7":{"start":{"line":11,"column":2},"end":{"line":14,"column":3}},"8":{"start":{"line":12,"column":4},"end":{"line":12,"column":20}},"9":{"start":{"line":13,"column":4},"end":{"line":13,"column":41}},"10":{"start":{"line":15,"column":2},"end":{"line":15,"column":20}},"11":{"start":{"line":18,"column":22},"end":{"line":30,"column":2}},"12":{"start":{"line":19,"column":19},"end":{"line":19,"column":59}},"13":{"start":{"line":20,"column":17},"end":{"line":20,"column":47}},"14":{"start":{"line":22,"column":18},"end":{"line":27,"column":4}},"15":{"start":{"line":29,"column":2},"end":{"line":29,"column":32}},"16":{"start":{"line":32,"column":22},"end":{"line":45,"column":2}},"17":{"start":{"line":33,"column":18},"end":{"line":33,"column":70}},"18":{"start":{"line":34,"column":2},"end":{"line":37,"column":3}},"19":{"start":{"line":35,"column":4},"end":{"line":35,"column":20}},"20":{"start":{"line":36,"column":4},"end":{"line":36,"column":41}},"21":{"start":{"line":39,"column":2},"end":{"line":39,"column":47}},"22":{"start":{"line":40,"column":2},"end":{"line":40,"column":47}},"23":{"start":{"line":41,"column":2},"end":{"line":41,"column":68}},"24":{"start":{"line":43,"column":18},"end":{"line":43,"column":38}},"25":{"start":{"line":44,"column":2},"end":{"line":44,"column":20}},"26":{"start":{"line":47,"column":22},"end":{"line":56,"column":2}},"27":{"start":{"line":48,"column":18},"end":{"line":48,"column":70}},"28":{"start":{"line":49,"column":2},"end":{"line":52,"column":3}},"29":{"start":{"line":50,"column":4},"end":{"line":50,"column":20}},"30":{"start":{"line":51,"column":4},"end":{"line":51,"column":41}},"31":{"start":{"line":54,"column":2},"end":{"line":54,"column":28}},"32":{"start":{"line":55,"column":2},"end":{"line":55,"column":43}},"33":{"start":{"line":58,"column":0},"end":{"line":64,"column":2}}},"fnMap":{"0":{"name":"(anonymous_0)","decl":{"start":{"line":4,"column":36},"end":{"line":4,"column":41}},"loc":{"start":{"line":4,"column":55},"end":{"line":7,"column":1}}},"1":{"name":"(anonymous_1)","decl":{"start":{"line":9,"column":36},"end":{"line":9,"column":41}},"loc":{"start":{"line":9,"column":55},"end":{"line":16,"column":1}}},"2":{"name":"(anonymous_2)","decl":{"start":{"line":18,"column":35},"end":{"line":18,"column":40}},"loc":{"start":{"line":18,"column":54},"end":{"line":30,"column":1}}},"3":{"name":"(anonymous_3)","decl":{"start":{"line":32,"column":35},"end":{"line":32,"column":40}},"loc":{"start":{"line":32,"column":54},"end":{"line":45,"column":1}}},"4":{"name":"(anonymous_4)","decl":{"start":{"line":47,"column":35},"end":{"line":47,"column":40}},"loc":{"start":{"line":47,"column":54},"end":{"line":56,"column":1}}}},"branchMap":{"0":{"loc":{"start":{"line":11,"column":2},"end":{"line":14,"column":3}},"type":"if","locations":[{"start":{"line":11,"column":2},"end":{"line":14,"column":3}},{"start":{},"end":{}}]},"1":{"loc":{"start":{"line":20,"column":17},"end":{"line":20,"column":47}},"type":"cond-expr","locations":[{"start":{"line":20,"column":28},"end":{"line":20,"column":43}},{"start":{"line":20,"column":46},"end":{"line":20,"column":47}}]},"2":{"loc":{"start":{"line":26,"column":17},"end":{"line":26,"column":43}},"type":"binary-expr","locations":[{"start":{"line":26,"column":17},"end":{"line":26,"column":37}},{"start":{"line":26,"column":41},"end":{"line":26,"column":43}}]},"3":{"loc":{"start":{"line":34,"column":2},"end":{"line":37,"column":3}},"type":"if","locations":[{"start":{"line":34,"column":2},"end":{"line":37,"column":3}},{"start":{},"end":{}}]},"4":{"loc":{"start":{"line":39,"column":17},"end":{"line":39,"column":46}},"type":"binary-expr","locations":[{"start":{"line":39,"column":17},"end":{"line":39,"column":30}},{"start":{"line":39,"column":34},"end":{"line":39,"column":46}}]},"5":{"loc":{"start":{"line":40,"column":17},"end":{"line":40,"column":46}},"type":"binary-expr","locations":[{"start":{"line":40,"column":17},"end":{"line":40,"column":30}},{"start":{"line":40,"column":34},"end":{"line":40,"column":46}}]},"6":{"loc":{"start":{"line":41,"column":24},"end":{"line":41,"column":67}},"type":"binary-expr","locations":[{"start":{"line":41,"column":24},"end":{"line":41,"column":44}},{"start":{"line":41,"column":48},"end":{"line":41,"column":67}}]},"7":{"loc":{"start":{"line":49,"column":2},"end":{"line":52,"column":3}},"type":"if","locations":[{"start":{"line":49,"column":2},"end":{"line":52,"column":3}},{"start":{},"end":{}}]}},"s":{"0":1,"1":1,"2":1,"3":1,"4":1,"5":1,"6":1,"7":1,"8":1,"9":1,"10":0,"11":1,"12":1,"13":1,"14":1,"15":1,"16":1,"17":1,"18":1,"19":0,"20":0,"21":1,"22":1,"23":1,"24":1,"25":1,"26":1,"27":1,"28":1,"29":0,"30":0,"31":1,"32":1,"33":1},"f":{"0":1,"1":1,"2":1,"3":1,"4":1},"b":{"0":[1,0],"1":[1,0],"2":[1,0],"3":[0,1],"4":[1,0],"5":[1,1],"6":[1,1],"7":[0,1]}}
,"C:\\Users\\GantedaAbhishek\\Desktop\\organic-store\\backend\\controllers\\order.controller.ts": {"path":"C:\\Users\\GantedaAbhishek\\Desktop\\organic-store\\backend\\controllers\\order.controller.ts","statementMap":{"0":{"start":{"line":1,"column":21},"end":{"line":1,"column":59}},"1":{"start":{"line":2,"column":14},"end":{"line":2,"column":40}},"2":{"start":{"line":3,"column":16},"end":{"line":3,"column":44}},"3":{"start":{"line":4,"column":13},"end":{"line":4,"column":38}},"4":{"start":{"line":6,"column":18},"end":{"line":34,"column":2}},"5":{"start":{"line":7,"column":51},"end":{"line":7,"column":60}},"6":{"start":{"line":8,"column":21},"end":{"line":8,"column":23}},"7":{"start":{"line":10,"column":2},"end":{"line":12,"column":3}},"8":{"start":{"line":11,"column":4},"end":{"line":11,"column":30}},"9":{"start":{"line":14,"column":2},"end":{"line":16,"column":3}},"10":{"start":{"line":15,"column":4},"end":{"line":15,"column":26}},"11":{"start":{"line":18,"column":2},"end":{"line":20,"column":3}},"12":{"start":{"line":19,"column":4},"end":{"line":19,"column":70}},"13":{"start":{"line":22,"column":16},"end":{"line":22,"column":49}},"14":{"start":{"line":23,"column":21},"end":{"line":23,"column":38}},"15":{"start":{"line":24,"column":19},"end":{"line":24,"column":38}},"16":{"start":{"line":25,"column":17},"end":{"line":31,"column":11}},"17":{"start":{"line":33,"column":2},"end":{"line":33,"column":89}},"18":{"start":{"line":36,"column":20},"end":{"line":74,"column":2}},"19":{"start":{"line":37,"column":49},"end":{"line":37,"column":57}},"20":{"start":{"line":38,"column":2},"end":{"line":41,"column":3}},"21":{"start":{"line":39,"column":4},"end":{"line":39,"column":20}},"22":{"start":{"line":40,"column":4},"end":{"line":40,"column":48}},"23":{"start":{"line":43,"column":21},"end":{"line":54,"column":null}},"24":{"start":{"line":45,"column":22},"end":{"line":45,"column":73}},"25":{"start":{"line":46,"column":6},"end":{"line":48,"column":7}},"26":{"start":{"line":47,"column":8},"end":{"line":47,"column":62}},"27":{"start":{"line":49,"column":6},"end":{"line":53,"column":8}},"28":{"start":{"line":57,"column":16},"end":{"line":62,"column":4}},"29":{"start":{"line":64,"column":2},"end":{"line":66,"column":5}},"30":{"start":{"line":68,"column":23},"end":{"line":71,"column":11}},"31":{"start":{"line":73,"column":2},"end":{"line":73,"column":37}},"32":{"start":{"line":76,"column":26},"end":{"line":86,"column":2}},"33":{"start":{"line":77,"column":16},"end":{"line":77,"column":51}},"34":{"start":{"line":78,"column":2},"end":{"line":81,"column":3}},"35":{"start":{"line":79,"column":4},"end":{"line":79,"column":20}},"36":{"start":{"line":80,"column":4},"end":{"line":80,"column":39}},"37":{"start":{"line":83,"column":2},"end":{"line":83,"column":49}},"38":{"start":{"line":84,"column":18},"end":{"line":84,"column":36}},"39":{"start":{"line":85,"column":2},"end":{"line":85,"column":20}},"40":{"start":{"line":88,"column":21},"end":{"line":105,"column":2}},"41":{"start":{"line":89,"column":16},"end":{"line":92,"column":11}},"42":{"start":{"line":94,"column":2},"end":{"line":97,"column":3}},"43":{"start":{"line":95,"column":4},"end":{"line":95,"column":20}},"44":{"start":{"line":96,"column":4},"end":{"line":96,"column":39}},"45":{"start":{"line":99,"column":2},"end":{"line":102,"column":3}},"46":{"start":{"line":100,"column":4},"end":{"line":100,"column":20}},"47":{"start":{"line":101,"column":4},"end":{"line":101,"column":37}},"48":{"start":{"line":104,"column":2},"end":{"line":104,"column":18}},"49":{"start":{"line":107,"column":0},"end":{"line":107,"column":77}}},"fnMap":{"0":{"name":"(anonymous_0)","decl":{"start":{"line":6,"column":31},"end":{"line":6,"column":36}},"loc":{"start":{"line":6,"column":50},"end":{"line":34,"column":1}}},"1":{"name":"(anonymous_1)","decl":{"start":{"line":36,"column":33},"end":{"line":36,"column":38}},"loc":{"start":{"line":36,"column":52},"end":{"line":74,"column":1}}},"2":{"name":"(anonymous_2)","decl":{"start":{"line":44,"column":14},"end":{"line":44,"column":19}},"loc":{"start":{"line":44,"column":27},"end":{"line":54,"column":5}}},"3":{"name":"(anonymous_3)","decl":{"start":{"line":76,"column":39},"end":{"line":76,"column":44}},"loc":{"start":{"line":76,"column":58},"end":{"line":86,"column":1}}},"4":{"name":"(anonymous_4)","decl":{"start":{"line":88,"column":34},"end":{"line":88,"column":39}},"loc":{"start":{"line":88,"column":53},"end":{"line":105,"column":1}}}},"branchMap":{"0":{"loc":{"start":{"line":7,"column":26},"end":{"line":7,"column":34}},"type":"default-arg","locations":[{"start":{"line":7,"column":33},"end":{"line":7,"column":34}}]},"1":{"loc":{"start":{"line":7,"column":36},"end":{"line":7,"column":46}},"type":"default-arg","locations":[{"start":{"line":7,"column":44},"end":{"line":7,"column":46}}]},"2":{"loc":{"start":{"line":10,"column":2},"end":{"line":12,"column":3}},"type":"if","locations":[{"start":{"line":10,"column":2},"end":{"line":12,"column":3}},{"start":{},"end":{}}]},"3":{"loc":{"start":{"line":14,"column":2},"end":{"line":16,"column":3}},"type":"if","locations":[{"start":{"line":14,"column":2},"end":{"line":16,"column":3}},{"start":{},"end":{}}]},"4":{"loc":{"start":{"line":18,"column":2},"end":{"line":20,"column":3}},"type":"if","locations":[{"start":{"line":18,"column":2},"end":{"line":20,"column":3}},{"start":{},"end":{}}]},"5":{"loc":{"start":{"line":23,"column":21},"end":{"line":23,"column":38}},"type":"binary-expr","locations":[{"start":{"line":23,"column":21},"end":{"line":23,"column":33}},{"start":{"line":23,"column":37},"end":{"line":23,"column":38}}]},"6":{"loc":{"start":{"line":24,"column":19},"end":{"line":24,"column":38}},"type":"binary-expr","locations":[{"start":{"line":24,"column":19},"end":{"line":24,"column":32}},{"start":{"line":24,"column":36},"end":{"line":24,"column":38}}]},"7":{"loc":{"start":{"line":38,"column":2},"end":{"line":41,"column":3}},"type":"if","locations":[{"start":{"line":38,"column":2},"end":{"line":41,"column":3}},{"start":{},"end":{}}]},"8":{"loc":{"start":{"line":38,"column":6},"end":{"line":38,"column":29}},"type":"binary-expr","locations":[{"start":{"line":38,"column":6},"end":{"line":38,"column":12}},{"start":{"line":38,"column":16},"end":{"line":38,"column":29}}]},"9":{"loc":{"start":{"line":46,"column":6},"end":{"line":48,"column":7}},"type":"if","locations":[{"start":{"line":46,"column":6},"end":{"line":48,"column":7}},{"start":{},"end":{}}]},"10":{"loc":{"start":{"line":78,"column":2},"end":{"line":81,"column":3}},"type":"if","locations":[{"start":{"line":78,"column":2},"end":{"line":81,"column":3}},{"start":{},"end":{}}]},"11":{"loc":{"start":{"line":83,"column":17},"end":{"line":83,"column":48}},"type":"binary-expr","locations":[{"start":{"line":83,"column":17},"end":{"line":83,"column":32}},{"start":{"line":83,"column":36},"end":{"line":83,"column":48}}]},"12":{"loc":{"start":{"line":94,"column":2},"end":{"line":97,"column":3}},"type":"if","locations":[{"start":{"line":94,"column":2},"end":{"line":97,"column":3}},{"start":{},"end":{}}]},"13":{"loc":{"start":{"line":99,"column":2},"end":{"line":102,"column":3}},"type":"if","locations":[{"start":{"line":99,"column":2},"end":{"line":102,"column":3}},{"start":{},"end":{}}]},"14":{"loc":{"start":{"line":99,"column":6},"end":{"line":99,"column":88}},"type":"binary-expr","locations":[{"start":{"line":99,"column":6},"end":{"line":99,"column":31}},{"start":{"line":99,"column":35},"end":{"line":99,"column":88}}]}},"s":{"0":1,"1":1,"2":1,"3":1,"4":1,"5":2,"6":2,"7":2,"8":1,"9":2,"10":1,"11":2,"12":1,"13":2,"14":2,"15":2,"16":2,"17":2,"18":1,"19":3,"20":3,"21":1,"22":1,"23":2,"24":2,"25":2,"26":1,"27":1,"28":1,"29":1,"30":1,"31":1,"32":1,"33":2,"34":2,"35":1,"36":1,"37":1,"38":1,"39":1,"40":1,"41":2,"42":2,"43":1,"44":1,"45":1,"46":1,"47":1,"48":0,"49":1},"f":{"0":2,"1":3,"2":2,"3":2,"4":2},"b":{"0":[1],"1":[1],"2":[1,1],"3":[1,1],"4":[1,1],"5":[2,0],"6":[2,0],"7":[1,2],"8":[3,3],"9":[1,1],"10":[1,1],"11":[1,0],"12":[1,1],"13":[1,0],"14":[1,1]}}
,"C:\\Users\\GantedaAbhishek\\Desktop\\organic-store\\backend\\controllers\\product.controller.ts": {"path":"C:\\Users\\GantedaAbhishek\\Desktop\\organic-store\\backend\\controllers\\product.controller.ts","statementMap":{"0":{"start":{"line":1,"column":21},"end":{"line":1,"column":59}},"1":{"start":{"line":2,"column":16},"end":{"line":2,"column":44}},"2":{"start":{"line":4,"column":20},"end":{"line":62,"column":2}},"3":{"start":{"line":14,"column":6},"end":{"line":14,"column":15}},"4":{"start":{"line":15,"column":21},"end":{"line":15,"column":23}},"5":{"start":{"line":17,"column":2},"end":{"line":19,"column":3}},"6":{"start":{"line":18,"column":4},"end":{"line":18,"column":54}},"7":{"start":{"line":21,"column":2},"end":{"line":23,"column":3}},"8":{"start":{"line":22,"column":4},"end":{"line":22,"column":51}},"9":{"start":{"line":25,"column":2},"end":{"line":27,"column":3}},"10":{"start":{"line":26,"column":4},"end":{"line":26,"column":24}},"11":{"start":{"line":29,"column":2},"end":{"line":31,"column":3}},"12":{"start":{"line":30,"column":4},"end":{"line":30,"column":28}},"13":{"start":{"line":33,"column":2},"end":{"line":35,"column":3}},"14":{"start":{"line":34,"column":4},"end":{"line":34,"column":30}},"15":{"start":{"line":37,"column":16},"end":{"line":37,"column":51}},"16":{"start":{"line":38,"column":21},"end":{"line":38,"column":38}},"17":{"start":{"line":39,"column":19},"end":{"line":39,"column":38}},"18":{"start":{"line":41,"column":19},"end":{"line":41,"column":38}},"19":{"start":{"line":43,"column":2},"end":{"line":49,"column":3}},"20":{"start":{"line":44,"column":4},"end":{"line":44,"column":47}},"21":{"start":{"line":45,"column":9},"end":{"line":49,"column":3}},"22":{"start":{"line":46,"column":4},"end":{"line":46,"column":49}},"23":{"start":{"line":48,"column":4},"end":{"line":48,"column":44}},"24":{"start":{"line":51,"column":19},"end":{"line":54,"column":11}},"25":{"start":{"line":56,"column":2},"end":{"line":61,"column":5}},"26":{"start":{"line":64,"column":23},"end":{"line":72,"column":2}},"27":{"start":{"line":65,"column":17},"end":{"line":65,"column":27}},"28":{"start":{"line":66,"column":18},"end":{"line":66,"column":66}},"29":{"start":{"line":67,"column":2},"end":{"line":70,"column":3}},"30":{"start":{"line":68,"column":4},"end":{"line":68,"column":20}},"31":{"start":{"line":69,"column":4},"end":{"line":69,"column":41}},"32":{"start":{"line":71,"column":2},"end":{"line":71,"column":20}},"33":{"start":{"line":74,"column":22},"end":{"line":94,"column":2}},"34":{"start":{"line":75,"column":19},"end":{"line":75,"column":59}},"35":{"start":{"line":76,"column":17},"end":{"line":76,"column":47}},"36":{"start":{"line":78,"column":18},"end":{"line":91,"column":4}},"37":{"start":{"line":93,"column":2},"end":{"line":93,"column":32}},"38":{"start":{"line":96,"column":22},"end":{"line":119,"column":2}},"39":{"start":{"line":97,"column":18},"end":{"line":97,"column":70}},"40":{"start":{"line":98,"column":2},"end":{"line":101,"column":3}},"41":{"start":{"line":99,"column":4},"end":{"line":99,"column":20}},"42":{"start":{"line":100,"column":4},"end":{"line":100,"column":41}},"43":{"start":{"line":103,"column":2},"end":{"line":115,"column":5}},"44":{"start":{"line":117,"column":18},"end":{"line":117,"column":38}},"45":{"start":{"line":118,"column":2},"end":{"line":118,"column":20}},"46":{"start":{"line":121,"column":22},"end":{"line":130,"column":2}},"47":{"start":{"line":122,"column":18},"end":{"line":122,"column":70}},"48":{"start":{"line":123,"column":2},"end":{"line":126,"column":3}},"49":{"start":{"line":124,"column":4},"end":{"line":124,"column":20}},"50":{"start":{"line":125,"column":4},"end":{"line":125,"column":41}},"51":{"start":{"line":128,"column":2},"end":{"line":128,"column":28}},"52":{"start":{"line":129,"column":2},"end":{"line":129,"column":43}},"53":{"start":{"line":132,"column":0},"end":{"line":138,"column":2}}},"fnMap":{"0":{"name":"(anonymous_0)","decl":{"start":{"line":4,"column":33},"end":{"line":4,"column":38}},"loc":{"start":{"line":4,"column":52},"end":{"line":62,"column":1}}},"1":{"name":"(anonymous_1)","decl":{"start":{"line":64,"column":36},"end":{"line":64,"column":41}},"loc":{"start":{"line":64,"column":55},"end":{"line":72,"column":1}}},"2":{"name":"(anonymous_2)","decl":{"start":{"line":74,"column":35},"end":{"line":74,"column":40}},"loc":{"start":{"line":74,"column":54},"end":{"line":94,"column":1}}},"3":{"name":"(anonymous_3)","decl":{"start":{"line":96,"column":35},"end":{"line":96,"column":40}},"loc":{"start":{"line":96,"column":54},"end":{"line":119,"column":1}}},"4":{"name":"(anonymous_4)","decl":{"start":{"line":121,"column":35},"end":{"line":121,"column":40}},"loc":{"start":{"line":121,"column":54},"end":{"line":130,"column":1}}}},"branchMap":{"0":{"loc":{"start":{"line":9,"column":4},"end":{"line":9,"column":12}},"type":"default-arg","locations":[{"start":{"line":9,"column":11},"end":{"line":9,"column":12}}]},"1":{"loc":{"start":{"line":10,"column":4},"end":{"line":10,"column":14}},"type":"default-arg","locations":[{"start":{"line":10,"column":12},"end":{"line":10,"column":14}}]},"2":{"loc":{"start":{"line":17,"column":2},"end":{"line":19,"column":3}},"type":"if","locations":[{"start":{"line":17,"column":2},"end":{"line":19,"column":3}},{"start":{},"end":{}}]},"3":{"loc":{"start":{"line":17,"column":6},"end":{"line":17,"column":36}},"type":"binary-expr","locations":[{"start":{"line":17,"column":6},"end":{"line":17,"column":14}},{"start":{"line":17,"column":18},"end":{"line":17,"column":36}}]},"4":{"loc":{"start":{"line":21,"column":2},"end":{"line":23,"column":3}},"type":"if","locations":[{"start":{"line":21,"column":2},"end":{"line":23,"column":3}},{"start":{},"end":{}}]},"5":{"loc":{"start":{"line":25,"column":2},"end":{"line":27,"column":3}},"type":"if","locations":[{"start":{"line":25,"column":2},"end":{"line":27,"column":3}},{"start":{},"end":{}}]},"6":{"loc":{"start":{"line":29,"column":2},"end":{"line":31,"column":3}},"type":"if","locations":[{"start":{"line":29,"column":2},"end":{"line":31,"column":3}},{"start":{},"end":{}}]},"7":{"loc":{"start":{"line":33,"column":2},"end":{"line":35,"column":3}},"type":"if","locations":[{"start":{"line":33,"column":2},"end":{"line":35,"column":3}},{"start":{},"end":{}}]},"8":{"loc":{"start":{"line":38,"column":21},"end":{"line":38,"column":38}},"type":"binary-expr","locations":[{"start":{"line":38,"column":21},"end":{"line":38,"column":33}},{"start":{"line":38,"column":37},"end":{"line":38,"column":38}}]},"9":{"loc":{"start":{"line":39,"column":19},"end":{"line":39,"column":38}},"type":"binary-expr","locations":[{"start":{"line":39,"column":19},"end":{"line":39,"column":32}},{"start":{"line":39,"column":36},"end":{"line":39,"column":38}}]},"10":{"loc":{"start":{"line":43,"column":2},"end":{"line":49,"column":3}},"type":"if","locations":[{"start":{"line":43,"column":2},"end":{"line":49,"column":3}},{"start":{"line":45,"column":9},"end":{"line":49,"column":3}}]},"11":{"loc":{"start":{"line":45,"column":9},"end":{"line":49,"column":3}},"type":"if","locations":[{"start":{"line":45,"column":9},"end":{"line":49,"column":3}},{"start":{"line":47,"column":9},"end":{"line":49,"column":3}}]},"12":{"loc":{"start":{"line":67,"column":2},"end":{"line":70,"column":3}},"type":"if","locations":[{"start":{"line":67,"column":2},"end":{"line":70,"column":3}},{"start":{},"end":{}}]},"13":{"loc":{"start":{"line":76,"column":17},"end":{"line":76,"column":47}},"type":"cond-expr","locations":[{"start":{"line":76,"column":28},"end":{"line":76,"column":43}},{"start":{"line":76,"column":46},"end":{"line":76,"column":47}}]},"14":{"loc":{"start":{"line":85,"column":12},"end":{"line":85,"column":32}},"type":"binary-expr","locations":[{"start":{"line":85,"column":12},"end":{"line":85,"column":27}},{"start":{"line":85,"column":31},"end":{"line":85,"column":32}}]},"15":{"loc":{"start":{"line":86,"column":17},"end":{"line":86,"column":43}},"type":"binary-expr","locations":[{"start":{"line":86,"column":17},"end":{"line":86,"column":37}},{"start":{"line":86,"column":41},"end":{"line":86,"column":43}}]},"16":{"loc":{"start":{"line":88,"column":10},"end":{"line":88,"column":29}},"type":"binary-expr","locations":[{"start":{"line":88,"column":10},"end":{"line":88,"column":23}},{"start":{"line":88,"column":27},"end":{"line":88,"column":29}}]},"17":{"loc":{"start":{"line":98,"column":2},"end":{"line":101,"column":3}},"type":"if","locations":[{"start":{"line":98,"column":2},"end":{"line":101,"column":3}},{"start":{},"end":{}}]},"18":{"loc":{"start":{"line":104,"column":10},"end":{"line":104,"column":39}},"type":"binary-expr","locations":[{"start":{"line":104,"column":10},"end":{"line":104,"column":23}},{"start":{"line":104,"column":27},"end":{"line":104,"column":39}}]},"19":{"loc":{"start":{"line":105,"column":14},"end":{"line":105,"column":51}},"type":"binary-expr","locations":[{"start":{"line":105,"column":14},"end":{"line":105,"column":31}},{"start":{"line":105,"column":35},"end":{"line":105,"column":51}}]},"20":{"loc":{"start":{"line":106,"column":11},"end":{"line":106,"column":42}},"type":"binary-expr","locations":[{"start":{"line":106,"column":11},"end":{"line":106,"column":25}},{"start":{"line":106,"column":29},"end":{"line":106,"column":42}}]},"21":{"loc":{"start":{"line":107,"column":19},"end":{"line":107,"column":66}},"type":"binary-expr","locations":[{"start":{"line":107,"column":19},"end":{"line":107,"column":41}},{"start":{"line":107,"column":45},"end":{"line":107,"column":66}}]},"22":{"loc":{"start":{"line":108,"column":11},"end":{"line":108,"column":42}},"type":"binary-expr","locations":[{"start":{"line":108,"column":11},"end":{"line":108,"column":25}},{"start":{"line":108,"column":29},"end":{"line":108,"column":42}}]},"23":{"loc":{"start":{"line":109,"column":12},"end":{"line":109,"column":45}},"type":"binary-expr","locations":[{"start":{"line":109,"column":12},"end":{"line":109,"column":27}},{"start":{"line":109,"column":31},"end":{"line":109,"column":45}}]},"24":{"loc":{"start":{"line":110,"column":17},"end":{"line":110,"column":60}},"type":"binary-expr","locations":[{"start":{"line":110,"column":17},"end":{"line":110,"column":37}},{"start":{"line":110,"column":41},"end":{"line":110,"column":60}}]},"25":{"loc":{"start":{"line":111,"column":12},"end":{"line":111,"column":45}},"type":"binary-expr","locations":[{"start":{"line":111,"column":12},"end":{"line":111,"column":27}},{"start":{"line":111,"column":31},"end":{"line":111,"column":45}}]},"26":{"loc":{"start":{"line":112,"column":10},"end":{"line":112,"column":39}},"type":"binary-expr","locations":[{"start":{"line":112,"column":10},"end":{"line":112,"column":23}},{"start":{"line":112,"column":27},"end":{"line":112,"column":39}}]},"27":{"loc":{"start":{"line":113,"column":16},"end":{"line":113,"column":57}},"type":"binary-expr","locations":[{"start":{"line":113,"column":16},"end":{"line":113,"column":35}},{"start":{"line":113,"column":39},"end":{"line":113,"column":57}}]},"28":{"loc":{"start":{"line":114,"column":18},"end":{"line":114,"column":63}},"type":"binary-expr","locations":[{"start":{"line":114,"column":18},"end":{"line":114,"column":39}},{"start":{"line":114,"column":43},"end":{"line":114,"column":63}}]},"29":{"loc":{"start":{"line":123,"column":2},"end":{"line":126,"column":3}},"type":"if","locations":[{"start":{"line":123,"column":2},"end":{"line":126,"column":3}},{"start":{},"end":{}}]}},"s":{"0":1,"1":1,"2":1,"3":3,"4":3,"5":3,"6":0,"7":3,"8":0,"9":3,"10":1,"11":3,"12":0,"13":3,"14":0,"15":3,"16":3,"17":3,"18":3,"19":3,"20":1,"21":2,"22":1,"23":1,"24":3,"25":3,"26":1,"27":1,"28":1,"29":1,"30":1,"31":1,"32":0,"33":1,"34":2,"35":2,"36":2,"37":2,"38":1,"39":2,"40":2,"41":1,"42":1,"43":1,"44":1,"45":1,"46":1,"47":2,"48":2,"49":1,"50":1,"51":1,"52":1,"53":1},"f":{"0":3,"1":1,"2":2,"3":2,"4":2},"b":{"0":[2],"1":[2],"2":[0,3],"3":[3,0],"4":[0,3],"5":[1,2],"6":[0,3],"7":[0,3],"8":[3,0],"9":[3,0],"10":[1,2],"11":[1,1],"12":[1,0],"13":[1,1],"14":[2,2],"15":[2,2],"16":[2,1],"17":[1,1],"18":[1,0],"19":[1,1],"20":[1,1],"21":[1,1],"22":[1,1],"23":[1,1],"24":[1,1],"25":[1,1],"26":[1,1],"27":[1,0],"28":[1,1],"29":[1,1]}}
,"C:\\Users\\GantedaAbhishek\\Desktop\\organic-store\\backend\\controllers\\question.controller.ts": {"path":"C:\\Users\\GantedaAbhishek\\Desktop\\organic-store\\backend\\controllers\\question.controller.ts","statementMap":{"0":{"start":{"line":1,"column":21},"end":{"line":1,"column":59}},"1":{"start":{"line":2,"column":17},"end":{"line":2,"column":46}},"2":{"start":{"line":4,"column":24},"end":{"line":7,"column":2}},"3":{"start":{"line":5,"column":20},"end":{"line":5,"column":64}},"4":{"start":{"line":6,"column":2},"end":{"line":6,"column":22}},"5":{"start":{"line":9,"column":24},"end":{"line":16,"column":2}},"6":{"start":{"line":10,"column":19},"end":{"line":10,"column":79}},"7":{"start":{"line":11,"column":2},"end":{"line":14,"column":3}},"8":{"start":{"line":12,"column":4},"end":{"line":12,"column":20}},"9":{"start":{"line":13,"column":4},"end":{"line":13,"column":42}},"10":{"start":{"line":15,"column":2},"end":{"line":15,"column":21}},"11":{"start":{"line":18,"column":23},"end":{"line":30,"column":2}},"12":{"start":{"line":19,"column":19},"end":{"line":19,"column":60}},"13":{"start":{"line":20,"column":17},"end":{"line":20,"column":47}},"14":{"start":{"line":22,"column":19},"end":{"line":27,"column":4}},"15":{"start":{"line":29,"column":2},"end":{"line":29,"column":33}},"16":{"start":{"line":32,"column":23},"end":{"line":45,"column":2}},"17":{"start":{"line":33,"column":19},"end":{"line":33,"column":72}},"18":{"start":{"line":34,"column":2},"end":{"line":37,"column":3}},"19":{"start":{"line":35,"column":4},"end":{"line":35,"column":20}},"20":{"start":{"line":36,"column":4},"end":{"line":36,"column":42}},"21":{"start":{"line":39,"column":2},"end":{"line":39,"column":61}},"22":{"start":{"line":40,"column":2},"end":{"line":40,"column":55}},"23":{"start":{"line":41,"column":2},"end":{"line":41,"column":55}},"24":{"start":{"line":43,"column":18},"end":{"line":43,"column":39}},"25":{"start":{"line":44,"column":2},"end":{"line":44,"column":20}},"26":{"start":{"line":47,"column":23},"end":{"line":56,"column":2}},"27":{"start":{"line":48,"column":19},"end":{"line":48,"column":72}},"28":{"start":{"line":49,"column":2},"end":{"line":52,"column":3}},"29":{"start":{"line":50,"column":4},"end":{"line":50,"column":20}},"30":{"start":{"line":51,"column":4},"end":{"line":51,"column":42}},"31":{"start":{"line":54,"column":2},"end":{"line":54,"column":29}},"32":{"start":{"line":55,"column":2},"end":{"line":55,"column":44}},"33":{"start":{"line":58,"column":0},"end":{"line":64,"column":2}}},"fnMap":{"0":{"name":"(anonymous_0)","decl":{"start":{"line":4,"column":37},"end":{"line":4,"column":42}},"loc":{"start":{"line":4,"column":56},"end":{"line":7,"column":1}}},"1":{"name":"(anonymous_1)","decl":{"start":{"line":9,"column":37},"end":{"line":9,"column":42}},"loc":{"start":{"line":9,"column":56},"end":{"line":16,"column":1}}},"2":{"name":"(anonymous_2)","decl":{"start":{"line":18,"column":36},"end":{"line":18,"column":41}},"loc":{"start":{"line":18,"column":55},"end":{"line":30,"column":1}}},"3":{"name":"(anonymous_3)","decl":{"start":{"line":32,"column":36},"end":{"line":32,"column":41}},"loc":{"start":{"line":32,"column":55},"end":{"line":45,"column":1}}},"4":{"name":"(anonymous_4)","decl":{"start":{"line":47,"column":36},"end":{"line":47,"column":41}},"loc":{"start":{"line":47,"column":55},"end":{"line":56,"column":1}}}},"branchMap":{"0":{"loc":{"start":{"line":11,"column":2},"end":{"line":14,"column":3}},"type":"if","locations":[{"start":{"line":11,"column":2},"end":{"line":14,"column":3}},{"start":{},"end":{}}]},"1":{"loc":{"start":{"line":20,"column":17},"end":{"line":20,"column":47}},"type":"cond-expr","locations":[{"start":{"line":20,"column":28},"end":{"line":20,"column":43}},{"start":{"line":20,"column":46},"end":{"line":20,"column":47}}]},"2":{"loc":{"start":{"line":34,"column":2},"end":{"line":37,"column":3}},"type":"if","locations":[{"start":{"line":34,"column":2},"end":{"line":37,"column":3}},{"start":{},"end":{}}]},"3":{"loc":{"start":{"line":39,"column":22},"end":{"line":39,"column":60}},"type":"binary-expr","locations":[{"start":{"line":39,"column":22},"end":{"line":39,"column":39}},{"start":{"line":39,"column":43},"end":{"line":39,"column":60}}]},"4":{"loc":{"start":{"line":40,"column":20},"end":{"line":40,"column":54}},"type":"binary-expr","locations":[{"start":{"line":40,"column":20},"end":{"line":40,"column":35}},{"start":{"line":40,"column":39},"end":{"line":40,"column":54}}]},"5":{"loc":{"start":{"line":41,"column":20},"end":{"line":41,"column":54}},"type":"binary-expr","locations":[{"start":{"line":41,"column":20},"end":{"line":41,"column":35}},{"start":{"line":41,"column":39},"end":{"line":41,"column":54}}]},"6":{"loc":{"start":{"line":49,"column":2},"end":{"line":52,"column":3}},"type":"if","locations":[{"start":{"line":49,"column":2},"end":{"line":52,"column":3}},{"start":{},"end":{}}]}},"s":{"0":1,"1":1,"2":1,"3":1,"4":1,"5":1,"6":1,"7":1,"8":1,"9":1,"10":0,"11":1,"12":1,"13":1,"14":1,"15":1,"16":1,"17":1,"18":1,"19":0,"20":0,"21":1,"22":1,"23":1,"24":1,"25":1,"26":1,"27":1,"28":1,"29":0,"30":0,"31":1,"32":1,"33":1},"f":{"0":1,"1":1,"2":1,"3":1,"4":1},"b":{"0":[1,0],"1":[1,0],"2":[0,1],"3":[1,1],"4":[1,0],"5":[1,1],"6":[0,1]}}
,"C:\\Users\\GantedaAbhishek\\Desktop\\organic-store\\backend\\controllers\\review.controller.ts": {"path":"C:\\Users\\GantedaAbhishek\\Desktop\\organic-store\\backend\\controllers\\review.controller.ts","statementMap":{"0":{"start":{"line":1,"column":21},"end":{"line":1,"column":59}},"1":{"start":{"line":2,"column":15},"end":{"line":2,"column":42}},"2":{"start":{"line":4,"column":22},"end":{"line":7,"column":2}},"3":{"start":{"line":5,"column":18},"end":{"line":5,"column":60}},"4":{"start":{"line":6,"column":2},"end":{"line":6,"column":20}},"5":{"start":{"line":9,"column":22},"end":{"line":16,"column":2}},"6":{"start":{"line":10,"column":17},"end":{"line":10,"column":75}},"7":{"start":{"line":11,"column":2},"end":{"line":14,"column":3}},"8":{"start":{"line":12,"column":4},"end":{"line":12,"column":20}},"9":{"start":{"line":13,"column":4},"end":{"line":13,"column":40}},"10":{"start":{"line":15,"column":2},"end":{"line":15,"column":19}},"11":{"start":{"line":18,"column":21},"end":{"line":31,"column":2}},"12":{"start":{"line":19,"column":19},"end":{"line":19,"column":58}},"13":{"start":{"line":20,"column":17},"end":{"line":20,"column":47}},"14":{"start":{"line":22,"column":17},"end":{"line":28,"column":4}},"15":{"start":{"line":30,"column":2},"end":{"line":30,"column":31}},"16":{"start":{"line":33,"column":21},"end":{"line":47,"column":2}},"17":{"start":{"line":34,"column":17},"end":{"line":34,"column":68}},"18":{"start":{"line":35,"column":2},"end":{"line":38,"column":3}},"19":{"start":{"line":36,"column":4},"end":{"line":36,"column":20}},"20":{"start":{"line":37,"column":4},"end":{"line":37,"column":40}},"21":{"start":{"line":40,"column":2},"end":{"line":40,"column":45}},"22":{"start":{"line":41,"column":2},"end":{"line":41,"column":48}},"23":{"start":{"line":42,"column":2},"end":{"line":42,"column":51}},"24":{"start":{"line":43,"column":2},"end":{"line":43,"column":51}},"25":{"start":{"line":45,"column":18},"end":{"line":45,"column":37}},"26":{"start":{"line":46,"column":2},"end":{"line":46,"column":20}},"27":{"start":{"line":49,"column":21},"end":{"line":58,"column":2}},"28":{"start":{"line":50,"column":17},"end":{"line":50,"column":68}},"29":{"start":{"line":51,"column":2},"end":{"line":54,"column":3}},"30":{"start":{"line":52,"column":4},"end":{"line":52,"column":20}},"31":{"start":{"line":53,"column":4},"end":{"line":53,"column":40}},"32":{"start":{"line":56,"column":2},"end":{"line":56,"column":27}},"33":{"start":{"line":57,"column":2},"end":{"line":57,"column":42}},"34":{"start":{"line":60,"column":0},"end":{"line":66,"column":2}}},"fnMap":{"0":{"name":"(anonymous_0)","decl":{"start":{"line":4,"column":35},"end":{"line":4,"column":40}},"loc":{"start":{"line":4,"column":54},"end":{"line":7,"column":1}}},"1":{"name":"(anonymous_1)","decl":{"start":{"line":9,"column":35},"end":{"line":9,"column":40}},"loc":{"start":{"line":9,"column":54},"end":{"line":16,"column":1}}},"2":{"name":"(anonymous_2)","decl":{"start":{"line":18,"column":34},"end":{"line":18,"column":39}},"loc":{"start":{"line":18,"column":53},"end":{"line":31,"column":1}}},"3":{"name":"(anonymous_3)","decl":{"start":{"line":33,"column":34},"end":{"line":33,"column":39}},"loc":{"start":{"line":33,"column":53},"end":{"line":47,"column":1}}},"4":{"name":"(anonymous_4)","decl":{"start":{"line":49,"column":34},"end":{"line":49,"column":39}},"loc":{"start":{"line":49,"column":53},"end":{"line":58,"column":1}}}},"branchMap":{"0":{"loc":{"start":{"line":11,"column":2},"end":{"line":14,"column":3}},"type":"if","locations":[{"start":{"line":11,"column":2},"end":{"line":14,"column":3}},{"start":{},"end":{}}]},"1":{"loc":{"start":{"line":20,"column":17},"end":{"line":20,"column":47}},"type":"cond-expr","locations":[{"start":{"line":20,"column":28},"end":{"line":20,"column":43}},{"start":{"line":20,"column":46},"end":{"line":20,"column":47}}]},"2":{"loc":{"start":{"line":35,"column":2},"end":{"line":38,"column":3}},"type":"if","locations":[{"start":{"line":35,"column":2},"end":{"line":38,"column":3}},{"start":{},"end":{}}]},"3":{"loc":{"start":{"line":40,"column":16},"end":{"line":40,"column":44}},"type":"binary-expr","locations":[{"start":{"line":40,"column":16},"end":{"line":40,"column":29}},{"start":{"line":40,"column":33},"end":{"line":40,"column":44}}]},"4":{"loc":{"start":{"line":41,"column":17},"end":{"line":41,"column":47}},"type":"binary-expr","locations":[{"start":{"line":41,"column":17},"end":{"line":41,"column":31}},{"start":{"line":41,"column":35},"end":{"line":41,"column":47}}]},"5":{"loc":{"start":{"line":42,"column":18},"end":{"line":42,"column":50}},"type":"binary-expr","locations":[{"start":{"line":42,"column":18},"end":{"line":42,"column":33}},{"start":{"line":42,"column":37},"end":{"line":42,"column":50}}]},"6":{"loc":{"start":{"line":43,"column":18},"end":{"line":43,"column":50}},"type":"binary-expr","locations":[{"start":{"line":43,"column":18},"end":{"line":43,"column":33}},{"start":{"line":43,"column":37},"end":{"line":43,"column":50}}]},"7":{"loc":{"start":{"line":51,"column":2},"end":{"line":54,"column":3}},"type":"if","locations":[{"start":{"line":51,"column":2},"end":{"line":54,"column":3}},{"start":{},"end":{}}]}},"s":{"0":1,"1":1,"2":1,"3":1,"4":1,"5":1,"6":1,"7":1,"8":1,"9":1,"10":0,"11":1,"12":1,"13":1,"14":1,"15":1,"16":1,"17":1,"18":1,"19":0,"20":0,"21":1,"22":1,"23":1,"24":1,"25":1,"26":1,"27":1,"28":1,"29":1,"30":0,"31":0,"32":1,"33":1,"34":1},"f":{"0":1,"1":1,"2":1,"3":1,"4":1},"b":{"0":[1,0],"1":[1,0],"2":[0,1],"3":[1,1],"4":[1,1],"5":[1,1],"6":[1,0],"7":[0,1]}}
,"C:\\Users\\GantedaAbhishek\\Desktop\\organic-store\\backend\\controllers\\user.controller.ts": {"path":"C:\\Users\\GantedaAbhishek\\Desktop\\organic-store\\backend\\controllers\\user.controller.ts","statementMap":{"0":{"start":{"line":1,"column":21},"end":{"line":1,"column":59}},"1":{"start":{"line":2,"column":13},"end":{"line":2,"column":38}},"2":{"start":{"line":4,"column":17},"end":{"line":7,"column":2}},"3":{"start":{"line":5,"column":16},"end":{"line":5,"column":60}},"4":{"start":{"line":6,"column":2},"end":{"line":6,"column":18}},"5":{"start":{"line":9,"column":20},"end":{"line":16,"column":2}},"6":{"start":{"line":10,"column":15},"end":{"line":10,"column":76}},"7":{"start":{"line":11,"column":2},"end":{"line":14,"column":3}},"8":{"start":{"line":12,"column":4},"end":{"line":12,"column":20}},"9":{"start":{"line":13,"column":4},"end":{"line":13,"column":38}},"10":{"start":{"line":15,"column":2},"end":{"line":15,"column":17}},"11":{"start":{"line":18,"column":19},"end":{"line":43,"column":2}},"12":{"start":{"line":19,"column":15},"end":{"line":19,"column":49}},"13":{"start":{"line":20,"column":2},"end":{"line":23,"column":3}},"14":{"start":{"line":21,"column":4},"end":{"line":21,"column":20}},"15":{"start":{"line":22,"column":4},"end":{"line":22,"column":38}},"16":{"start":{"line":25,"column":2},"end":{"line":25,"column":41}},"17":{"start":{"line":26,"column":2},"end":{"line":26,"column":81}},"18":{"start":{"line":27,"column":2},"end":{"line":29,"column":3}},"19":{"start":{"line":28,"column":4},"end":{"line":28,"column":38}},"20":{"start":{"line":30,"column":2},"end":{"line":32,"column":3}},"21":{"start":{"line":31,"column":4},"end":{"line":31,"column":30}},"22":{"start":{"line":34,"column":18},"end":{"line":34,"column":35}},"23":{"start":{"line":35,"column":2},"end":{"line":42,"column":5}},"24":{"start":{"line":45,"column":19},"end":{"line":53,"column":2}},"25":{"start":{"line":46,"column":15},"end":{"line":46,"column":49}},"26":{"start":{"line":47,"column":2},"end":{"line":50,"column":3}},"27":{"start":{"line":48,"column":4},"end":{"line":48,"column":20}},"28":{"start":{"line":49,"column":4},"end":{"line":49,"column":38}},"29":{"start":{"line":51,"column":2},"end":{"line":51,"column":25}},"30":{"start":{"line":52,"column":2},"end":{"line":52,"column":40}},"31":{"start":{"line":55,"column":0},"end":{"line":55,"column":67}}},"fnMap":{"0":{"name":"(anonymous_0)","decl":{"start":{"line":4,"column":30},"end":{"line":4,"column":35}},"loc":{"start":{"line":4,"column":49},"end":{"line":7,"column":1}}},"1":{"name":"(anonymous_1)","decl":{"start":{"line":9,"column":33},"end":{"line":9,"column":38}},"loc":{"start":{"line":9,"column":52},"end":{"line":16,"column":1}}},"2":{"name":"(anonymous_2)","decl":{"start":{"line":18,"column":32},"end":{"line":18,"column":37}},"loc":{"start":{"line":18,"column":51},"end":{"line":43,"column":1}}},"3":{"name":"(anonymous_3)","decl":{"start":{"line":45,"column":32},"end":{"line":45,"column":37}},"loc":{"start":{"line":45,"column":51},"end":{"line":53,"column":1}}}},"branchMap":{"0":{"loc":{"start":{"line":11,"column":2},"end":{"line":14,"column":3}},"type":"if","locations":[{"start":{"line":11,"column":2},"end":{"line":14,"column":3}},{"start":{},"end":{}}]},"1":{"loc":{"start":{"line":20,"column":2},"end":{"line":23,"column":3}},"type":"if","locations":[{"start":{"line":20,"column":2},"end":{"line":23,"column":3}},{"start":{},"end":{}}]},"2":{"loc":{"start":{"line":25,"column":14},"end":{"line":25,"column":40}},"type":"binary-expr","locations":[{"start":{"line":25,"column":14},"end":{"line":25,"column":27}},{"start":{"line":25,"column":31},"end":{"line":25,"column":40}}]},"3":{"loc":{"start":{"line":26,"column":15},"end":{"line":26,"column":80}},"type":"cond-expr","locations":[{"start":{"line":26,"column":32},"end":{"line":26,"column":67}},{"start":{"line":26,"column":70},"end":{"line":26,"column":80}}]},"4":{"loc":{"start":{"line":27,"column":2},"end":{"line":29,"column":3}},"type":"if","locations":[{"start":{"line":27,"column":2},"end":{"line":29,"column":3}},{"start":{},"end":{}}]},"5":{"loc":{"start":{"line":30,"column":2},"end":{"line":32,"column":3}},"type":"if","locations":[{"start":{"line":30,"column":2},"end":{"line":32,"column":3}},{"start":{},"end":{}}]},"6":{"loc":{"start":{"line":47,"column":2},"end":{"line":50,"column":3}},"type":"if","locations":[{"start":{"line":47,"column":2},"end":{"line":50,"column":3}},{"start":{},"end":{}}]}},"s":{"0":1,"1":1,"2":1,"3":1,"4":1,"5":1,"6":1,"7":1,"8":1,"9":1,"10":0,"11":1,"12":1,"13":1,"14":0,"15":0,"16":1,"17":1,"18":1,"19":0,"20":1,"21":1,"22":1,"23":1,"24":1,"25":1,"26":1,"27":0,"28":0,"29":1,"30":1,"31":1},"f":{"0":1,"1":1,"2":1,"3":1},"b":{"0":[1,0],"1":[0,1],"2":[1,0],"3":[1,0],"4":[0,1],"5":[1,0],"6":[0,1]}}
,"C:\\Users\\GantedaAbhishek\\Desktop\\organic-store\\backend\\utils\\auth-crypto.ts": {"path":"C:\\Users\\GantedaAbhishek\\Desktop\\organic-store\\backend\\utils\\auth-crypto.ts","statementMap":{"0":{"start":{"line":1,"column":15},"end":{"line":1,"column":32}},"1":{"start":{"line":3,"column":20},"end":{"line":3,"column":24}},"2":{"start":{"line":5,"column":21},"end":{"line":11,"column":1}},"3":{"start":{"line":6,"column":2},"end":{"line":8,"column":3}},"4":{"start":{"line":7,"column":4},"end":{"line":7,"column":16}},"5":{"start":{"line":10,"column":2},"end":{"line":10,"column":44}},"6":{"start":{"line":13,"column":20},"end":{"line":39,"column":1}},"7":{"start":{"line":14,"column":23},"end":{"line":14,"column":70}},"8":{"start":{"line":15,"column":24},"end":{"line":15,"column":72}},"9":{"start":{"line":17,"column":2},"end":{"line":23,"column":3}},"10":{"start":{"line":18,"column":4},"end":{"line":22,"column":6}},"11":{"start":{"line":25,"column":2},"end":{"line":36,"column":3}},"12":{"start":{"line":26,"column":22},"end":{"line":30,"column":6}},"13":{"start":{"line":32,"column":4},"end":{"line":35,"column":6}},"14":{"start":{"line":38,"column":2},"end":{"line":38,"column":23}},"15":{"start":{"line":41,"column":26},"end":{"line":44,"column":1}},"16":{"start":{"line":42,"column":32},"end":{"line":42,"column":45}},"17":{"start":{"line":43,"column":2},"end":{"line":43,"column":31}},"18":{"start":{"line":46,"column":29},"end":{"line":63,"column":1}},"19":{"start":{"line":47,"column":2},"end":{"line":49,"column":3}},"20":{"start":{"line":48,"column":4},"end":{"line":48,"column":16}},"21":{"start":{"line":51,"column":25},"end":{"line":51,"column":38}},"22":{"start":{"line":53,"column":20},"end":{"line":59,"column":null}},"23":{"start":{"line":62,"column":2},"end":{"line":62,"column":36}},"24":{"start":{"line":65,"column":0},"end":{"line":68,"column":2}}},"fnMap":{"0":{"name":"(anonymous_0)","decl":{"start":{"line":5,"column":21},"end":{"line":5,"column":26}},"loc":{"start":{"line":5,"column":29},"end":{"line":11,"column":1}}},"1":{"name":"(anonymous_1)","decl":{"start":{"line":13,"column":20},"end":{"line":13,"column":23}},"loc":{"start":{"line":13,"column":25},"end":{"line":39,"column":1}}},"2":{"name":"(anonymous_2)","decl":{"start":{"line":41,"column":26},"end":{"line":41,"column":29}},"loc":{"start":{"line":41,"column":31},"end":{"line":44,"column":1}}},"3":{"name":"(anonymous_3)","decl":{"start":{"line":46,"column":29},"end":{"line":46,"column":46}},"loc":{"start":{"line":46,"column":49},"end":{"line":63,"column":1}}}},"branchMap":{"0":{"loc":{"start":{"line":6,"column":2},"end":{"line":8,"column":3}},"type":"if","locations":[{"start":{"line":6,"column":2},"end":{"line":8,"column":3}},{"start":{},"end":{}}]},"1":{"loc":{"start":{"line":6,"column":6},"end":{"line":6,"column":41}},"type":"binary-expr","locations":[{"start":{"line":6,"column":6},"end":{"line":6,"column":12}},{"start":{"line":6,"column":16},"end":{"line":6,"column":41}}]},"2":{"loc":{"start":{"line":17,"column":2},"end":{"line":23,"column":3}},"type":"if","locations":[{"start":{"line":17,"column":2},"end":{"line":23,"column":3}},{"start":{},"end":{}}]},"3":{"loc":{"start":{"line":17,"column":6},"end":{"line":17,"column":35}},"type":"binary-expr","locations":[{"start":{"line":17,"column":6},"end":{"line":17,"column":18}},{"start":{"line":17,"column":22},"end":{"line":17,"column":35}}]},"4":{"loc":{"start":{"line":25,"column":2},"end":{"line":36,"column":3}},"type":"if","locations":[{"start":{"line":25,"column":2},"end":{"line":36,"column":3}},{"start":{},"end":{}}]},"5":{"loc":{"start":{"line":47,"column":2},"end":{"line":49,"column":3}},"type":"if","locations":[{"start":{"line":47,"column":2},"end":{"line":49,"column":3}},{"start":{},"end":{}}]},"6":{"loc":{"start":{"line":47,"column":6},"end":{"line":47,"column":65}},"type":"binary-expr","locations":[{"start":{"line":47,"column":6},"end":{"line":47,"column":24}},{"start":{"line":47,"column":28},"end":{"line":47,"column":65}}]}},"s":{"0":4,"1":4,"2":4,"3":6,"4":2,"5":4,"6":4,"7":3,"8":3,"9":3,"10":2,"11":1,"12":1,"13":1,"14":1,"15":4,"16":2,"17":2,"18":4,"19":2,"20":1,"21":1,"22":1,"23":1,"24":4},"f":{"0":6,"1":3,"2":2,"3":2},"b":{"0":[2,4],"1":[6,4],"2":[2,1],"3":[3,2],"4":[1,0],"5":[1,1],"6":[2,1]}}
,"C:\\Users\\GantedaAbhishek\\Desktop\\organic-store\\backend\\utils\\createAdmin.ts": {"path":"C:\\Users\\GantedaAbhishek\\Desktop\\organic-store\\backend\\utils\\createAdmin.ts","statementMap":{"0":{"start":{"line":1,"column":13},"end":{"line":1,"column":38}},"1":{"start":{"line":3,"column":24},"end":{"line":21,"column":1}},"2":{"start":{"line":4,"column":2},"end":{"line":6,"column":3}},"3":{"start":{"line":5,"column":4},"end":{"line":5,"column":11}},"4":{"start":{"line":8,"column":21},"end":{"line":8,"column":65}},"5":{"start":{"line":9,"column":19},"end":{"line":9,"column":60}},"6":{"start":{"line":10,"column":2},"end":{"line":12,"column":3}},"7":{"start":{"line":11,"column":4},"end":{"line":11,"column":11}},"8":{"start":{"line":14,"column":2},"end":{"line":19,"column":5}},"9":{"start":{"line":20,"column":2},"end":{"line":20,"column":36}},"10":{"start":{"line":23,"column":0},"end":{"line":23,"column":33}}},"fnMap":{"0":{"name":"(anonymous_0)","decl":{"start":{"line":3,"column":24},"end":{"line":3,"column":29}},"loc":{"start":{"line":3,"column":35},"end":{"line":21,"column":1}}}},"branchMap":{"0":{"loc":{"start":{"line":4,"column":2},"end":{"line":6,"column":3}},"type":"if","locations":[{"start":{"line":4,"column":2},"end":{"line":6,"column":3}},{"start":{},"end":{}}]},"1":{"loc":{"start":{"line":4,"column":6},"end":{"line":4,"column":61}},"type":"binary-expr","locations":[{"start":{"line":4,"column":6},"end":{"line":4,"column":30}},{"start":{"line":4,"column":34},"end":{"line":4,"column":61}}]},"2":{"loc":{"start":{"line":10,"column":2},"end":{"line":12,"column":3}},"type":"if","locations":[{"start":{"line":10,"column":2},"end":{"line":12,"column":3}},{"start":{},"end":{}}]}},"s":{"0":1,"1":1,"2":2,"3":1,"4":1,"5":1,"6":1,"7":0,"8":1,"9":1,"10":1},"f":{"0":2},"b":{"0":[1,1],"1":[2,1],"2":[0,1]}}
,"C:\\Users\\GantedaAbhishek\\Desktop\\organic-store\\backend\\utils\\token.ts": {"path":"C:\\Users\\GantedaAbhishek\\Desktop\\organic-store\\backend\\utils\\token.ts","statementMap":{"0":{"start":{"line":1,"column":12},"end":{"line":1,"column":35}},"1":{"start":{"line":3,"column":22},"end":{"line":7,"column":1}},"2":{"start":{"line":4,"column":2},"end":{"line":6,"column":5}},"3":{"start":{"line":9,"column":0},"end":{"line":9,"column":35}}},"fnMap":{"0":{"name":"(anonymous_0)","decl":{"start":{"line":3,"column":22},"end":{"line":3,"column":28}},"loc":{"start":{"line":3,"column":31},"end":{"line":7,"column":1}}}},"branchMap":{},"s":{"0":1,"1":1,"2":1,"3":1},"f":{"0":1},"b":{}}
}
